0 info it worked if it ends with ok
1 verbose cli [ 'node', '/usr/local/bin/npm', 'install', '--save', 'amp-union' ]
2 info using npm@1.4.28
3 info using node@v0.10.35
4 warn package.json key-tree-store@0.1.2 No repository field.
5 verbose readDependencies using package.json deps
6 verbose cache add [ 'amp-union', null ]
7 verbose cache add name=undefined spec="amp-union" args=["amp-union",null]
8 verbose parsed url { protocol: null,
8 verbose parsed url   slashes: null,
8 verbose parsed url   auth: null,
8 verbose parsed url   host: null,
8 verbose parsed url   port: null,
8 verbose parsed url   hostname: null,
8 verbose parsed url   hash: null,
8 verbose parsed url   search: null,
8 verbose parsed url   query: null,
8 verbose parsed url   pathname: 'amp-union',
8 verbose parsed url   path: 'amp-union',
8 verbose parsed url   href: 'amp-union' }
9 silly lockFile c80b5492-amp-union amp-union
10 verbose lock amp-union /Users/drewloomer/.npm/c80b5492-amp-union.lock
11 silly lockFile c80b5492-amp-union amp-union
12 silly lockFile c80b5492-amp-union amp-union
13 verbose addNamed [ 'amp-union', '' ]
14 verbose addNamed [ null, '*' ]
15 silly lockFile 8ff0c860-amp-union amp-union@
16 verbose lock amp-union@ /Users/drewloomer/.npm/8ff0c860-amp-union.lock
17 silly addNameRange { name: 'amp-union', range: '*', hasData: false }
18 verbose request where is /amp-union
19 verbose request registry https://registry.npmjs.org/
20 verbose request id 3afe3d7d1e1edc64
21 verbose url raw /amp-union
22 verbose url resolving [ 'https://registry.npmjs.org/', './amp-union' ]
23 verbose url resolved https://registry.npmjs.org/amp-union
24 verbose request where is https://registry.npmjs.org/amp-union
25 info trying registry request attempt 1 at 18:39:30
26 http GET https://registry.npmjs.org/amp-union
27 http 404 https://registry.npmjs.org/amp-union
28 verbose headers { date: 'Fri, 16 Jan 2015 23:39:31 GMT',
28 verbose headers   server: 'CouchDB/1.5.0 (Erlang OTP/R16B03)',
28 verbose headers   'content-type': 'application/json',
28 verbose headers   'cache-control': 'max-age=0',
28 verbose headers   'content-length': '52',
28 verbose headers   'accept-ranges': 'bytes',
28 verbose headers   via: '1.1 varnish',
28 verbose headers   age: '0',
28 verbose headers   'x-served-by': 'cache-dfw1830-DFW',
28 verbose headers   'x-cache': 'MISS',
28 verbose headers   'x-cache-hits': '0',
28 verbose headers   'x-timer': 'S1421451571.288827,VS0,VE64',
28 verbose headers   'keep-alive': 'timeout=10, max=50',
28 verbose headers   connection: 'Keep-Alive' }
29 silly registry.get cb [ 404,
29 silly registry.get   { date: 'Fri, 16 Jan 2015 23:39:31 GMT',
29 silly registry.get     server: 'CouchDB/1.5.0 (Erlang OTP/R16B03)',
29 silly registry.get     'content-type': 'application/json',
29 silly registry.get     'cache-control': 'max-age=0',
29 silly registry.get     'content-length': '52',
29 silly registry.get     'accept-ranges': 'bytes',
29 silly registry.get     via: '1.1 varnish',
29 silly registry.get     age: '0',
29 silly registry.get     'x-served-by': 'cache-dfw1830-DFW',
29 silly registry.get     'x-cache': 'MISS',
29 silly registry.get     'x-cache-hits': '0',
29 silly registry.get     'x-timer': 'S1421451571.288827,VS0,VE64',
29 silly registry.get     'keep-alive': 'timeout=10, max=50',
29 silly registry.get     connection: 'Keep-Alive' } ]
30 silly lockFile 8ff0c860-amp-union amp-union@
31 silly lockFile 8ff0c860-amp-union amp-union@
32 error 404 404 Not Found: amp-union
32 error 404
32 error 404 'amp-union' is not in the npm registry.
32 error 404 You should bug the author to publish it
32 error 404 It was specified as a dependency of 'ampersand-state'
32 error 404
32 error 404 Note that you can also install from a
32 error 404 tarball, folder, or http url, or git url.
33 error System Darwin 14.0.0
34 error command "node" "/usr/local/bin/npm" "install" "--save" "amp-union"
35 error cwd /Users/drewloomer/Work/Misc/ampersand-state
36 error node -v v0.10.35
37 error npm -v 1.4.28
38 error code E404
39 verbose exit [ 1, true ]
